[INFO] Scanning for projects...
[WARNING] The POM for org.eclipse.m2e:lifecycle-mapping:jar:1.0.0 is invalid, transitive dependencies (if any) will not be available, enable debug logging for more details
[WARNING] Failed to retrieve plugin descriptor for org.eclipse.m2e:lifecycle-mapping:1.0.0: Plugin org.eclipse.m2e:lifecycle-mapping:1.0.0 or one of its dependencies could not be resolved: Failure to find org.eclipse.m2e:lifecycle-mapping:jar:1.0.0 in http://home.nabla.mobi:8081/nexus/content/groups/public/ was cached in the local repository, resolution will not be reattempted until the update interval of nexus has elapsed or updates are forced
[INFO]                                                                         
[INFO] ------------------------------------------------------------------------
[INFO] Building Databases DAO Jpa 1.0.1-SNAPSHOT
[INFO] ------------------------------------------------------------------------
[WARNING] The POM for org.eclipse.m2e:lifecycle-mapping:jar:1.0.0 is invalid, transitive dependencies (if any) will not be available, enable debug logging for more details
[WARNING] Failed to retrieve plugin descriptor for org.eclipse.m2e:lifecycle-mapping:1.0.0: Plugin org.eclipse.m2e:lifecycle-mapping:1.0.0 or one of its dependencies could not be resolved: Failure to find org.eclipse.m2e:lifecycle-mapping:jar:1.0.0 in http://home.nabla.mobi:8081/nexus/content/groups/public/ was cached in the local repository, resolution will not be reattempted until the update interval of nexus has elapsed or updates are forced
[INFO] 
[INFO] --- maven-dependency-plugin:2.8:tree (default-cli) @ jpa ---
[INFO] com.nabla.project.databases.sample.dao.business.jpa:jpa:jar:1.0.1-SNAPSHOT
[INFO] +- org.appfuse:appfuse-jpa:jar:2.1.0-M1:compile
[INFO] |  +- org.appfuse:appfuse-data-common:jar:2.1.0-M1:compile
[INFO] |  |  +- javax.xml.bind:jaxb-api:jar:2.1:compile
[INFO] |  |  |  +- javax.xml.stream:stax-api:jar:1.0-2:provided
[INFO] |  |  |  \- javax.activation:activation:jar:1.1.1:compile
[INFO] |  |  \- org.compass-project:compass:jar:2.1.3:compile
[INFO] |  |     \- org.apache.lucene:lucene-core:jar:2.4.1:compile
[INFO] |  +- org.slf4j:slf4j-log4j12:jar:1.7.5:runtime
[INFO] |  +- org.hibernate:hibernate-ehcache:jar:4.2.0.Final:compile
[INFO] |  |  \- org.jboss.logging:jboss-logging:jar:3.1.2.GA:compile
[INFO] |  +- net.sf.ehcache:ehcache-core:jar:2.4.6:compile
[INFO] |  +- commons-beanutils:commons-beanutils:jar:1.8.3:compile
[INFO] |  +- org.springframework:spring-aop:jar:3.1.3.RELEASE:compile
[INFO] |  |  +- aopalliance:aopalliance:jar:1.0:compile
[INFO] |  |  +- org.springframework:spring-asm:jar:3.1.3.RELEASE:compile
[INFO] |  |  +- org.springframework:spring-beans:jar:3.1.3.RELEASE:compile
[INFO] |  |  \- org.springframework:spring-core:jar:3.1.3.RELEASE:compile
[INFO] |  +- org.springframework:spring-jdbc:jar:3.1.3.RELEASE:compile
[INFO] |  |  \- org.springframework:spring-tx:jar:3.1.3.RELEASE:compile
[INFO] |  |     \- org.springframework:spring-context:jar:3.1.3.RELEASE:compile
[INFO] |  |        \- org.springframework:spring-expression:jar:3.1.3.RELEASE:compile
[INFO] |  +- org.springframework:spring-orm:jar:3.1.3.RELEASE:compile
[INFO] |  +- commons-lang:commons-lang:jar:2.6:compile
[INFO] |  +- org.springframework.security:spring-security-core-tiger:jar:2.0.4:compile
[INFO] |  |  \- org.springframework.security:spring-security-core:jar:2.0.4:compile
[INFO] |  |     \- commons-codec:commons-codec:jar:1.5:runtime
[INFO] |  +- log4j:log4j:jar:1.2.17:compile
[INFO] |  \- mysql:mysql-connector-java:jar:5.1.27:compile
[INFO] +- org.easymock:easymock:jar:3.2:test
[INFO] |  \- org.objenesis:objenesis:jar:1.3:test
[INFO] +- org.springframework:spring-mock:jar:2.0.8:test
[INFO] |  \- commons-logging:commons-logging:jar:1.1.1:compile
[INFO] +- org.springframework:spring-test:jar:3.1.3.RELEASE:test
[INFO] +- org.apache.derby:derby:jar:10.10.1.1:compile
[INFO] +- javax.persistence:persistence-api:jar:1.0.2:compile
[INFO] +- org.hibernate:hibernate:jar:3.2.7.ga:compile
[INFO] |  +- net.sf.ehcache:ehcache:jar:1.5.0:compile
[INFO] |  |  +- backport-util-concurrent:backport-util-concurrent:jar:3.1:runtime
[INFO] |  |  \- net.sf.jsr107cache:jsr107cache:jar:1.0:compile
[INFO] |  +- dom4j:dom4j:jar:1.6.1:compile
[INFO] |  +- antlr:antlr:jar:2.7.7:compile
[INFO] |  \- commons-collections:commons-collections:jar:3.2.1:compile
[INFO] +- org.hibernate:hibernate-validator:jar:4.1.0.Final:provided
[INFO] |  \- javax.validation:validation-api:jar:1.0.0.GA:provided
[INFO] +- org.hibernate:hibernate-core:jar:3.3.2.GA:provided
[INFO] +- org.hibernate:hibernate-entitymanager:jar:3.3.2.GA:provided
[INFO] |  \- org.hibernate:hibernate-commons-annotations:jar:3.2.0.Final:provided
[INFO] +- org.hibernate:hibernate-annotations:jar:3.4.0.GA:compile
[INFO] |  +- org.hibernate:ejb3-persistence:jar:1.0.2.GA:compile
[INFO] |  \- org.slf4j:slf4j-api:jar:1.7.5:compile
[INFO] +- asm:asm:jar:3.3.1:compile
[INFO] +- cglib:cglib-nodep:jar:2.2.2:runtime
[INFO] +- javax.transaction:jta:jar:1.1:compile
[INFO] +- javassist:javassist:jar:3.12.1.GA:compile
[INFO] +- commons-dbcp:commons-dbcp:jar:1.4:runtime
[INFO] |  \- commons-pool:commons-pool:jar:1.4:runtime
[INFO] +- org.apache.derby:derbytools:jar:10.10.1.1:provided
[INFO] +- org.apache.derby:derbynet:jar:10.10.1.1:provided
[INFO] +- org.apache.derby:derbyclient:jar:10.10.1.1:provided
[INFO] +- junit:junit:jar:4.11:test
[INFO] |  \- org.hamcrest:hamcrest-core:jar:1.3.RC2:test
[INFO] +- com.google.code.protoj:protoj-nodep:jar:1.8.4:test
[INFO] +- junitperf:junitperf:jar:1.9.1:test
[INFO] +- xmlunit:xmlunit:jar:1.5:test
[INFO] +- xerces:xercesImpl:jar:2.9.1:provided
[INFO] +- xalan:xalan:jar:2.7.1:provided
[INFO] |  \- xalan:serializer:jar:2.7.1:provided
[INFO] +- org.jboss.arquillian.extension:arquillian-jacoco:jar:1.0.0.Alpha6:test
[INFO] |  +- org.jboss.shrinkwrap:shrinkwrap-api:jar:1.0.0-cr-1:test
[INFO] |  \- org.jboss.shrinkwrap.descriptors:shrinkwrap-descriptors-api-base:jar:2.0.0-alpha-5:test
[INFO] \- org.jacoco:org.jacoco.core:jar:0.7.1.201405082137:provided
[INFO]    \- org.ow2.asm:asm-debug-all:jar:5.0.1:provided
[INFO] ------------------------------------------------------------------------
[INFO] BUILD SUCCESS
[INFO] ------------------------------------------------------------------------
[INFO] Total time: 2.540s
[INFO] Finished at: Mon Jun 23 03:43:36 CEST 2014
[INFO] Final Memory: 21M/247M
[INFO] ------------------------------------------------------------------------
[WARNING] The requested profile "arq-jbossas-managed" could not be activated because it does not exist.
