[INFO] Scanning for projects...
Downloading: http://home.nabla.mobi:8081/nexus/content/groups/public/com/nabla/project/build-tools/1.0.1-SNAPSHOT/maven-metadata.xml
781/781 B               Downloaded: http://home.nabla.mobi:8081/nexus/content/groups/public/com/nabla/project/build-tools/1.0.1-SNAPSHOT/maven-metadata.xml (781 B at 0.4 KB/sec)
[INFO]                                                                         
[INFO] ------------------------------------------------------------------------
[INFO] Building JBoss AS Quickstarts: Richefaces kitchensink 1.0.1-SNAPSHOT
[INFO] ------------------------------------------------------------------------
[INFO] 
[INFO] --- maven-dependency-plugin:2.8:tree (default-cli) @ richfaces-webapp ---
[INFO] com.nabla.project.servers.sample:richfaces-webapp:war:1.0.1-SNAPSHOT
[INFO] +- javax.enterprise:cdi-api:jar:1.0-SP4:provided
[INFO] |  +- org.jboss.spec.javax.interceptor:jboss-interceptors-api_1.1_spec:jar:1.0.0.Final:provided
[INFO] |  \- javax.inject:javax.inject:jar:1:provided
[INFO] +- org.jboss.spec.javax.annotation:jboss-annotations-api_1.1_spec:jar:1.0.0.Final:provided
[INFO] +- org.jboss.spec.javax.ws.rs:jboss-jaxrs-api_1.1_spec:jar:1.0.0.Final:provided
[INFO] +- org.hibernate.javax.persistence:hibernate-jpa-2.0-api:jar:1.0.1.Final:provided
[INFO] +- org.jboss.spec.javax.ejb:jboss-ejb-api_3.1_spec:jar:1.0.1.Final:provided
[INFO] +- org.hibernate:hibernate-validator:jar:3.1.0.GA:provided
[INFO] |  +- org.hibernate:hibernate-core:jar:3.3.2.GA:provided
[INFO] |  \- org.hibernate:hibernate-commons-annotations:jar:3.2.0.Final:provided
[INFO] +- org.jboss.spec.javax.faces:jboss-jsf-api_2.0_spec:jar:1.0.0.Final:provided
[INFO] +- com.sun.faces:jsf-impl:jar:2.1.7:provided
[INFO] +- org.jboss.spec.javax.servlet:jboss-servlet-api_3.0_spec:jar:1.0.0.Final:provided
[INFO] +- org.richfaces.core:richfaces-core-impl:jar:4.3.6.Final:compile
[INFO] |  \- org.richfaces.core:richfaces-core-api:jar:4.3.6.Final:compile
[INFO] +- org.richfaces.ui:richfaces-components-ui:jar:4.3.6.Final:compile
[INFO] |  \- org.richfaces.ui:richfaces-components-api:jar:4.3.6.Final:compile
[INFO] +- org.atmosphere:atmosphere-runtime:jar:0.8.1:compile
[INFO] |  +- org.atmosphere:atmosphere-compat-jbossweb:jar:0.8.1:compile
[INFO] |  +- org.atmosphere:atmosphere-compat-weblogic:jar:0.8.1:compile
[INFO] |  |  \- org.atmosphere:atmosphere-compat-jetty:jar:0.8.1:compile
[INFO] |  \- org.atmosphere:atmosphere-compat-tomcat:jar:0.8.1:compile
[INFO] +- org.hibernate:hibernate-jpamodelgen:jar:1.2.0.Final:provided
[INFO] +- org.ocpsoft.rewrite:rewrite-servlet:jar:1.0.4.Final:compile
[INFO] +- org.ocpsoft.rewrite:rewrite-integration-cdi:jar:1.0.4.Final:compile
[INFO] +- log4j:log4j:jar:1.2.17:compile
[INFO] +- junit:junit:jar:4.11:test
[INFO] |  \- org.hamcrest:hamcrest-core:jar:1.3.RC2:test
[INFO] +- org.jboss.arquillian.junit:arquillian-junit-container:jar:1.0.0.CR7:test
[INFO] |  +- org.jboss.arquillian.junit:arquillian-junit-core:jar:1.0.0.CR7:test
[INFO] |  +- org.jboss.arquillian.test:arquillian-test-api:jar:1.0.0.CR7:test
[INFO] |  |  \- org.jboss.arquillian.core:arquillian-core-api:jar:1.0.0.CR7:test
[INFO] |  +- org.jboss.arquillian.test:arquillian-test-spi:jar:1.0.0.CR7:test
[INFO] |  |  \- org.jboss.arquillian.core:arquillian-core-spi:jar:1.0.0.CR7:test
[INFO] |  +- org.jboss.arquillian.container:arquillian-container-test-api:jar:1.0.0.CR7:test
[INFO] |  +- org.jboss.arquillian.container:arquillian-container-test-spi:jar:1.0.0.CR7:test
[INFO] |  +- org.jboss.arquillian.core:arquillian-core-impl-base:jar:1.0.0.CR7:test
[INFO] |  +- org.jboss.arquillian.test:arquillian-test-impl-base:jar:1.0.0.CR7:test
[INFO] |  +- org.jboss.arquillian.container:arquillian-container-impl-base:jar:1.0.0.CR7:test
[INFO] |  |  +- org.jboss.arquillian.config:arquillian-config-api:jar:1.0.0.CR7:test
[INFO] |  |  \- org.jboss.arquillian.config:arquillian-config-impl-base:jar:1.0.0.CR7:test
[INFO] |  |     \- org.jboss.shrinkwrap.descriptors:shrinkwrap-descriptors-spi:jar:1.1.0-beta-1:test
[INFO] |  +- org.jboss.arquillian.container:arquillian-container-test-impl-base:jar:1.0.0.CR7:test
[INFO] |  \- org.jboss.shrinkwrap:shrinkwrap-impl-base:jar:1.0.0-cr-1:test
[INFO] |     \- org.jboss.shrinkwrap:shrinkwrap-spi:jar:1.0.0-cr-1:test
[INFO] +- org.jboss.arquillian.protocol:arquillian-protocol-servlet:jar:1.0.0.CR7:test
[INFO] |  \- org.jboss.arquillian.container:arquillian-container-spi:jar:1.0.0.CR7:test
[INFO] |     \- org.jboss.shrinkwrap.descriptors:shrinkwrap-descriptors-api:jar:1.1.0-beta-1:test
[INFO] +- org.jboss.spec:jboss-javaee-6.0:pom:1.0.0.Final:provided
[INFO] |  +- org.jboss.spec.javax.resource:jboss-connector-api_1.5_spec:jar:1.0.0.Final:provided
[INFO] |  +- org.jboss.spec.javax.el:jboss-el-api_2.2_spec:jar:1.0.0.Final:provided
[INFO] |  +- org.jboss.spec.javax.security.jacc:jboss-jacc-api_1.4_spec:jar:1.0.1.Final:provided
[INFO] |  +- org.jboss.spec.javax.enterprise.deploy:jboss-jad-api_1.2_spec:jar:1.0.0.Final:provided
[INFO] |  +- org.jboss.spec.javax.security.auth.message:jboss-jaspi-api_1.0_spec:jar:1.0.0.Final:provided
[INFO] |  +- org.jboss.spec.javax.xml.registry:jboss-jaxr-api_1.0_spec:jar:1.0.0.Final:provided
[INFO] |  +- org.jboss.spec.javax.jms:jboss-jms-api_1.1_spec:jar:1.0.0.Final:provided
[INFO] |  +- org.jboss.spec.javax.servlet.jsp:jboss-jsp-api_2.2_spec:jar:1.0.0.Final:provided
[INFO] |  +- org.jboss.spec.javax.transaction:jboss-transaction-api_1.1_spec:jar:1.0.0.Final:provided
[INFO] |  +- org.jboss.spec.javax.xml.bind:jboss-jaxb-api_2.2_spec:jar:1.0.3.Final:provided
[INFO] |  +- org.jboss.spec.javax.xml.rpc:jboss-jaxrpc-api_1.1_spec:jar:1.0.0.Final:provided
[INFO] |  +- org.jboss.spec.javax.xml.soap:jboss-saaj-api_1.3_spec:jar:1.0.1.Final:provided
[INFO] |  +- org.jboss.spec.javax.xml.ws:jboss-jaxws-api_2.2_spec:jar:2.0.0.Final:provided
[INFO] |  +- javax.activation:activation:jar:1.1.1:compile
[INFO] |  +- com.sun.faces:jsf-api:jar:2.1.7:provided
[INFO] |  +- javax.jws:jsr181-api:jar:1.0-MR1:provided
[INFO] |  +- javax.mail:mail:jar:1.4.5:compile
[INFO] |  +- javax.servlet:jstl:jar:1.2:compile
[INFO] |  +- org.jboss.resteasy:jaxrs-api:jar:2.1.0.GA:provided
[INFO] |  +- stax:stax-api:jar:1.0.1:runtime
[INFO] |  \- javax.validation:validation-api:jar:1.0.0.GA:provided
[INFO] +- org.jboss.arquillian.container:arquillian-weld-ee-embedded-1.1:jar:1.0.0.CR5:test
[INFO] |  \- org.jboss.arquillian.testenricher:arquillian-testenricher-cdi:jar:1.0.0.CR7:test
[INFO] +- org.jboss.weld:weld-core:jar:1.1.9.Final:test
[INFO] |  +- org.jboss.weld:weld-api:jar:1.1.Final:test
[INFO] |  +- org.jboss.weld:weld-spi:jar:1.1.Final:test
[INFO] |  +- javax.annotation:jsr250-api:jar:1.0:test
[INFO] |  +- org.javassist:javassist:jar:3.18.1-GA:provided
[INFO] |  +- com.google.guava:guava:jar:14.0.1:compile
[INFO] |  +- org.slf4j:slf4j-ext:jar:1.6.1:test
[INFO] |  +- ch.qos.cal10n:cal10n-api:jar:0.7.2:test
[INFO] |  \- org.slf4j:slf4j-api:jar:1.7.5:test
[INFO] +- org.slf4j:slf4j-simple:jar:1.6.4:test
[INFO] +- org.apache.derby:derby:jar:10.10.1.1:provided
[INFO] +- org.apache.derby:derbytools:jar:10.10.1.1:provided
[INFO] +- org.apache.derby:derbynet:jar:10.10.1.1:provided
[INFO] +- org.apache.derby:derbyclient:jar:10.10.1.1:provided
[INFO] +- junitperf:junitperf:jar:1.9.1:test
[INFO] +- xmlunit:xmlunit:jar:1.5:test
[INFO] +- xerces:xercesImpl:jar:2.9.1:provided
[INFO] +- xalan:xalan:jar:2.7.1:provided
[INFO] |  \- xalan:serializer:jar:2.7.1:provided
[INFO] +- org.codehaus.sonar-plugins.java:sonar-jacoco-listeners:jar:2.2:test
[INFO] +- org.jboss.arquillian.extension:arquillian-jacoco:jar:1.0.0.Alpha6:test
[INFO] |  +- org.jboss.shrinkwrap:shrinkwrap-api:jar:1.0.0-cr-1:test
[INFO] |  \- org.jboss.shrinkwrap.descriptors:shrinkwrap-descriptors-api-base:jar:2.0.0-alpha-5:test
[INFO] \- org.jacoco:org.jacoco.core:jar:0.7.1.201405082137:provided
[INFO]    \- org.ow2.asm:asm-debug-all:jar:5.0.1:provided
[INFO] ------------------------------------------------------------------------
[INFO] BUILD SUCCESS
[INFO] ------------------------------------------------------------------------
[INFO] Total time: 1:13.108s
[INFO] Finished at: Mon Jun 23 04:25:41 CEST 2014
[INFO] Final Memory: 19M/243M
[INFO] ------------------------------------------------------------------------
