[INFO] Scanning for projects...
[INFO] ------------------------------------------------------------------------
[INFO] Reactor Build Order:
[INFO] 
[INFO] Maven Build Tools Configuration for quality metrics
[INFO] AndroMDA Maven Site Plugins
[INFO] Nabla Site Skin
[INFO] Users
[INFO] Dependencies pom file
[INFO] Databases
[INFO] Main
[INFO] Servers
[INFO] Customs
[INFO] Project
[INFO] Nabla UML
[INFO] AndroMDA Assembly
[INFO] AndroMDA Metafacades
[INFO] AndroMDA UML Metafacades
[INFO] AndroMDA UML Common Metafacades
[INFO] AndroMDA Profiles
[INFO] AndroMDA UML 2.0 Profile
[INFO] AndroMDA UML 2.0 Datatype Profile
[INFO] AndroMDA UML 2.0 Messaging Profile
[INFO] AndroMDA UML 2.0 Meta Profile
[INFO] AndroMDA UML 2.0 Persistence Profile
[INFO] AndroMDA UML 2.0 Presentation Profile
[INFO] AndroMDA UML 2.0 Process Profile
[INFO] AndroMDA UML 2.0 Service Profile
[INFO] AndroMDA UML 2.0 WebService Profile
[INFO] AndroMDA UML 2.0 XML Profile
[INFO] AndroMDA UML 2.0 Common Profile
[INFO] AndroMDA UML 2.0 Gui Profile
[INFO] AndroMDA UML 2.0 Backend Profile
[INFO] AndroMDA UML 2.0 Test Profile
[INFO] AndroMDA UML 2.0 Shared Profile
[INFO] AndroMDA UML 2.0 Seam Profile
[INFO] AndroMDA Cartridges
[INFO] AndroMDA Database Cartridge
[INFO] AndroMDA EJB3 Cartridge
[INFO] AndroMDA Gui Cartridge Components
[INFO] AndroMDA Gui Cartridge
[INFO] AndroMDA Seam Cartridge
[WARNING] Could not transfer metadata org.apache.maven.plugins:maven-help-plugin/maven-metadata.xml from/to server-forge-release (dav:https://repository-nabla.forge.cloudbees.com/release): No connector available to access repository server-forge-release (dav:https://repository-nabla.forge.cloudbees.com/release) of type default using the available factories WagonRepositoryConnectorFactory
[INFO]                                                                         
[INFO] ------------------------------------------------------------------------
[INFO] Building Users 1.0
[INFO] ------------------------------------------------------------------------
[WARNING] Could not transfer metadata org.apache.maven.plugins/maven-metadata.xml from/to server-forge-release (dav:https://repository-nabla.forge.cloudbees.com/release): No connector available to access repository server-forge-release (dav:https://repository-nabla.forge.cloudbees.com/release) of type default using the available factories WagonRepositoryConnectorFactory
[WARNING] Could not transfer metadata org.codehaus.mojo/maven-metadata.xml from/to server-forge-release (dav:https://repository-nabla.forge.cloudbees.com/release): No connector available to access repository server-forge-release (dav:https://repository-nabla.forge.cloudbees.com/release) of type default using the available factories WagonRepositoryConnectorFactory
[WARNING] Failure to transfer org.apache.maven.plugins:maven-help-plugin/maven-metadata.xml from dav:https://repository-nabla.forge.cloudbees.com/release was cached in the local repository, resolution will not be reattempted until the update interval of server-forge-release has elapsed or updates are forced. Original error: Could not transfer metadata org.apache.maven.plugins:maven-help-plugin/maven-metadata.xml from/to server-forge-release (dav:https://repository-nabla.forge.cloudbees.com/release): No connector available to access repository server-forge-release (dav:https://repository-nabla.forge.cloudbees.com/release) of type default using the available factories WagonRepositoryConnectorFactory
[INFO] 
[INFO] --- maven-help-plugin:2.1.1:effective-pom (default-cli) @ users ---
[INFO] 
Effective POMs, after inheritance, interpolation, and profiles are applied:

<?xml version="1.0" encoding="UTF-8"?>
<!-- ====================================================================== -->
<!--                                                                        -->
<!-- Generated by Maven Help Plugin on 2012-08-10T12:57:33                  -->
<!-- See: http://maven.apache.org/plugins/maven-help-plugin/                -->
<!--                                                                        -->
<!-- ====================================================================== -->

<!-- ====================================================================== -->
<!--                                                                        -->
<!-- Effective POM for project 'com.nabla:users:pom:1.0'                    -->
<!--                                                                        -->
<!-- ====================================================================== -->

<project xmlns="http://maven.apache.org/POM/4.0.0" xmlns:xsi="http://www.w3.org/2001/XMLSchema-instance" xsi:schemaLocation="http://maven.apache.org/POM/4.0.0 http://maven.apache.org/xsd/maven-4.0.0.xsd">
  <modelVersion>4.0.0</modelVersion>
  <groupId>com.nabla</groupId>
  <artifactId>users</artifactId>
  <version>1.0</version>
  <packaging>pom</packaging>
  <name>Users</name>
  <description>Users</description>
  <url>http://www.maven.nabla.mobi</url>
  <modules>
    <module>build-tools</module>
    <module>maven</module>
    <module>dependencies</module>
    <module>databases</module>
    <module>main</module>
    <module>servers</module>
    <module>customs</module>
    <module>project</module>
    <module>uml</module>
    <module>nabla</module>
  </modules>
  <distributionManagement>
    <repository>
      <id>server-forge-release</id>
      <name>External Staging Repository</name>
      <url>dav:https://repository-nabla.forge.cloudbees.com/release</url>
    </repository>
    <snapshotRepository>
      <id>server-forge-snapshot</id>
      <name>External Snapshot Repository</name>
      <url>dav:https://repository-nabla.forge.cloudbees.com/snapshot</url>
    </snapshotRepository>
    <site>
      <id>website</id>
      <name>Project Website</name>
      <url>ftp://www.nabla.mobi/maven</url>
    </site>
  </distributionManagement>
  <properties>
    <archiva.dir>C:\apache-archiva-1.3\data\repositories</archiva.dir>
    <project.project.distributionManagement.repository.url>file://localhost/C:\apache-archiva-1.3\data\repositories</project.project.distributionManagement.repository.url>
    <repositoryId>server-forge-release</repositoryId>
    <url>dav:https://repository-nabla.forge.cloudbees.com/release</url>
  </properties>
  <repositories>
    <repository>
      <releases>
        <enabled>true</enabled>
      </releases>
      <snapshots>
        <enabled>false</enabled>
      </snapshots>
      <id>server-forge-release</id>
      <name>External Staging Repository</name>
      <url>dav:https://repository-nabla.forge.cloudbees.com/release</url>
    </repository>
    <repository>
      <releases>
        <enabled>false</enabled>
      </releases>
      <snapshots>
        <enabled>true</enabled>
        <updatePolicy>daily</updatePolicy>
        <checksumPolicy>ignore</checksumPolicy>
      </snapshots>
      <id>server-forge-snapshot</id>
      <name>External Snapshot Repository</name>
      <url>dav:https://repository-nabla.forge.cloudbees.com/snapshot</url>
    </repository>
    <repository>
      <releases>
        <enabled>true</enabled>
      </releases>
      <snapshots>
        <enabled>false</enabled>
      </snapshots>
      <id>openqa-releases</id>
      <name>Openqa Release Repository</name>
      <url>http://nexus.openqa.org/content/repositories/releases</url>
    </repository>
    <repository>
      <releases>
        <enabled>false</enabled>
      </releases>
      <snapshots>
        <enabled>true</enabled>
        <updatePolicy>daily</updatePolicy>
        <checksumPolicy>ignore</checksumPolicy>
      </snapshots>
      <id>openqa-snapshots</id>
      <name>Openqa Snapshot Repository</name>
      <url>http://nexus.openqa.org/content/repositories/snapshots</url>
    </repository>
    <repository>
      <snapshots>
        <enabled>false</enabled>
      </snapshots>
      <id>central</id>
      <name>Codehaus Maven 2.x Release Repository 1</name>
      <url>http://repo1.maven.org/maven2</url>
    </repository>
    <repository>
      <id>jboss-public</id>
      <name>JBoss Repository</name>
      <url>http://repository.jboss.org/nexus/content/groups/public-jboss</url>
    </repository>
    <repository>
      <releases>
        <enabled>false</enabled>
      </releases>
      <snapshots>
        <enabled>true</enabled>
      </snapshots>
      <id>jboss-snapshots</id>
      <name>JBoss Snapshot Repository</name>
      <url>http://snapshots.jboss.org/maven2</url>
    </repository>
    <repository>
      <id>download</id>
      <name>Java.Net Download</name>
      <url>http://download.java.net/maven/2</url>
    </repository>
    <repository>
      <releases>
        <enabled>true</enabled>
      </releases>
      <snapshots>
        <enabled>true</enabled>
      </snapshots>
      <id>andromda</id>
      <name>AndroMDA Maven 2.x Repository</name>
      <url>http://andromda.org/maven2</url>
    </repository>
    <repository>
      <releases>
        <enabled>true</enabled>
      </releases>
      <snapshots>
        <enabled>false</enabled>
      </snapshots>
      <id>sonatype</id>
      <name>Sonatype AndroMDA Repository</name>
      <url>http://oss.sonatype.org/content/groups/public</url>
    </repository>
    <repository>
      <releases>
        <enabled>false</enabled>
      </releases>
      <snapshots>
        <enabled>true</enabled>
      </snapshots>
      <id>Codehaus Snapshots</id>
      <url>http://snapshots.repository.codehaus.org</url>
    </repository>
  </repositories>
  <pluginRepositories>
    <pluginRepository>
      <releases>
        <enabled>true</enabled>
      </releases>
      <snapshots>
        <enabled>false</enabled>
      </snapshots>
      <id>server-forge-release</id>
      <url>dav:https://repository-nabla.forge.cloudbees.com/release</url>
    </pluginRepository>
    <pluginRepository>
      <releases>
        <enabled>true</enabled>
      </releases>
      <snapshots>
        <enabled>false</enabled>
      </snapshots>
      <id>cloudbees-public-release</id>
      <url>http://repository-cloudbees.forge.cloudbees.com/public-release</url>
    </pluginRepository>
    <pluginRepository>
      <releases>
        <enabled>false</enabled>
      </releases>
      <snapshots>
        <enabled>true</enabled>
      </snapshots>
      <id>Mobilvox JS Plugin Snapshots</id>
      <url>http://maven-js-plugin.sourceforge.net/m2snapshotrepo/</url>
    </pluginRepository>
    <pluginRepository>
      <releases />
      <snapshots />
      <id>codehaus-plugins</id>
      <url>http://dist.codehaus.org/</url>
    </pluginRepository>
    <pluginRepository>
      <snapshots>
        <enabled>true</enabled>
      </snapshots>
      <id>codehaus-maven2</id>
      <name>Codehaus Maven2 Repo</name>
      <url>http://dist.codehaus.org</url>
    </pluginRepository>
    <pluginRepository>
      <id>appfuse</id>
      <url>http://static.appfuse.org/repository</url>
    </pluginRepository>
    <pluginRepository>
      <releases>
        <enabled>true</enabled>
      </releases>
      <id>elca-services</id>
      <url>http://el4.elca-services.ch/el4j/maven2repository</url>
    </pluginRepository>
    <pluginRepository>
      <id>Codehaus repository</id>
      <url>http://repository.codehaus.org/</url>
    </pluginRepository>
    <pluginRepository>
      <id>sonatype</id>
      <name>Sonatype AndroMDA Repository</name>
      <url>http://oss.sonatype.org/content/groups/public</url>
    </pluginRepository>
    <pluginRepository>
      <releases>
        <enabled>false</enabled>
      </releases>
      <snapshots>
        <enabled>true</enabled>
      </snapshots>
      <id>Codehaus Snapshots</id>
      <url>http://snapshots.repository.codehaus.org</url>
    </pluginRepository>
    <pluginRepository>
      <releases />
      <snapshots>
        <enabled>false</enabled>
      </snapshots>
      <id>jboss-public-repository</id>
      <name>JBoss Repository</name>
      <url>http://repository.jboss.org/nexus/content/groups/public</url>
    </pluginRepository>
    <pluginRepository>
      <releases>
        <updatePolicy>never</updatePolicy>
      </releases>
      <snapshots>
        <enabled>false</enabled>
      </snapshots>
      <id>central</id>
      <name>Central Repository</name>
      <url>http://repo.maven.apache.org/maven2</url>
    </pluginRepository>
  </pluginRepositories>
  <build>
    <sourceDirectory>C:\workspace\users\albandri10\src\main\java</sourceDirectory>
    <scriptSourceDirectory>C:\workspace\users\albandri10\src\main\scripts</scriptSourceDirectory>
    <testSourceDirectory>C:\workspace\users\albandri10\src\test\java</testSourceDirectory>
    <outputDirectory>C:\workspace\users\albandri10\target\classes</outputDirectory>
    <testOutputDirectory>C:\workspace\users\albandri10\target\test-classes</testOutputDirectory>
    <resources>
      <resource>
        <directory>C:\workspace\users\albandri10\src\main\resources</directory>
      </resource>
    </resources>
    <testResources>
      <testResource>
        <directory>C:\workspace\users\albandri10\src\test\resources</directory>
      </testResource>
    </testResources>
    <directory>C:\workspace\users\albandri10\target</directory>
    <finalName>users-1.0</finalName>
    <pluginManagement>
      <plugins>
        <plugin>
          <artifactId>maven-antrun-plugin</artifactId>
          <version>1.3</version>
        </plugin>
        <plugin>
          <artifactId>maven-assembly-plugin</artifactId>
          <version>2.2-beta-5</version>
        </plugin>
        <plugin>
          <artifactId>maven-dependency-plugin</artifactId>
          <version>2.1</version>
        </plugin>
        <plugin>
          <artifactId>maven-release-plugin</artifactId>
          <version>2.0</version>
        </plugin>
      </plugins>
    </pluginManagement>
    <plugins>
      <plugin>
        <artifactId>maven-clean-plugin</artifactId>
        <version>2.4.1</version>
        <executions>
          <execution>
            <id>default-clean</id>
            <phase>clean</phase>
            <goals>
              <goal>clean</goal>
            </goals>
          </execution>
        </executions>
      </plugin>
      <plugin>
        <artifactId>maven-install-plugin</artifactId>
        <version>2.3.1</version>
        <executions>
          <execution>
            <id>default-install</id>
            <phase>install</phase>
            <goals>
              <goal>install</goal>
            </goals>
          </execution>
        </executions>
      </plugin>
      <plugin>
        <artifactId>maven-deploy-plugin</artifactId>
        <version>2.7</version>
        <executions>
          <execution>
            <id>default-deploy</id>
            <phase>deploy</phase>
            <goals>
              <goal>deploy</goal>
            </goals>
          </execution>
        </executions>
      </plugin>
      <plugin>
        <artifactId>maven-site-plugin</artifactId>
        <version>3.0</version>
        <executions>
          <execution>
            <id>default-site</id>
            <phase>site</phase>
            <goals>
              <goal>site</goal>
            </goals>
            <configuration>
              <outputDirectory>C:\workspace\users\albandri10\target\site</outputDirectory>
              <reportPlugins>
                <reportPlugin>
                  <groupId>org.apache.maven.plugins</groupId>
                  <artifactId>maven-project-info-reports-plugin</artifactId>
                </reportPlugin>
              </reportPlugins>
            </configuration>
          </execution>
          <execution>
            <id>default-deploy</id>
            <phase>site-deploy</phase>
            <goals>
              <goal>deploy</goal>
            </goals>
            <configuration>
              <outputDirectory>C:\workspace\users\albandri10\target\site</outputDirectory>
              <reportPlugins>
                <reportPlugin>
                  <groupId>org.apache.maven.plugins</groupId>
                  <artifactId>maven-project-info-reports-plugin</artifactId>
                </reportPlugin>
              </reportPlugins>
            </configuration>
          </execution>
        </executions>
        <configuration>
          <outputDirectory>C:\workspace\users\albandri10\target\site</outputDirectory>
          <reportPlugins>
            <reportPlugin>
              <groupId>org.apache.maven.plugins</groupId>
              <artifactId>maven-project-info-reports-plugin</artifactId>
            </reportPlugin>
          </reportPlugins>
        </configuration>
      </plugin>
    </plugins>
  </build>
  <reporting>
    <outputDirectory>C:\workspace\users\albandri10\target\site</outputDirectory>
  </reporting>
  <profiles>
    <profile>
      <id>local</id>
      <activation>
        <property>
          <name>profile.activation</name>
        </property>
      </activation>
      <distributionManagement>
        <repository>
          <id>local-releases</id>
          <name>Internal Release Repository</name>
          <url>file://localhost/C:\apache-archiva-1.3\data\repositories/releases/</url>
        </repository>
        <snapshotRepository>
          <id>local-snapshots</id>
          <name>Internal Snapshot Repository</name>
          <url>file://localhost/C:\apache-archiva-1.3\data\repositories/snapshots/</url>
        </snapshotRepository>
        <site>
          <id>website</id>
          <name>Project Website</name>
          <url>file:/tmp</url>
        </site>
      </distributionManagement>
    </profile>
    <profile>
      <id>server</id>
      <activation>
        <property>
          <name>!profile.activation</name>
        </property>
      </activation>
      <build />
      <distributionManagement>
        <repository>
          <id>server-forge-release</id>
          <name>External Staging Repository</name>
          <url>dav:https://repository-nabla.forge.cloudbees.com/release</url>
        </repository>
        <snapshotRepository>
          <id>server-forge-snapshot</id>
          <name>External Snapshot Repository</name>
          <url>dav:https://repository-nabla.forge.cloudbees.com/snapshot</url>
        </snapshotRepository>
        <site>
          <id>website</id>
          <name>Project Website</name>
          <url>ftp://www.nabla.mobi/maven</url>
        </site>
      </distributionManagement>
      <properties>
        <url>dav:https://repository-nabla.forge.cloudbees.com/release</url>
        <repositoryId>server-forge-release</repositoryId>
      </properties>
    </profile>
  </profiles>
</project>

[INFO] ------------------------------------------------------------------------
[INFO] Reactor Summary:
[INFO] 
[INFO] Maven Build Tools Configuration for quality metrics  SKIPPED
[INFO] AndroMDA Maven Site Plugins ....................... SKIPPED
[INFO] Nabla Site Skin ................................... SKIPPED
[INFO] Users ............................................. SUCCESS [4.469s]
[INFO] Dependencies pom file ............................. SKIPPED
[INFO] Databases ......................................... SKIPPED
[INFO] Main .............................................. SKIPPED
[INFO] Servers ........................................... SKIPPED
[INFO] Customs ........................................... SKIPPED
[INFO] Project ........................................... SKIPPED
[INFO] Nabla UML ......................................... SKIPPED
[INFO] AndroMDA Assembly ................................. SKIPPED
[INFO] AndroMDA Metafacades .............................. SKIPPED
[INFO] AndroMDA UML Metafacades .......................... SKIPPED
[INFO] AndroMDA UML Common Metafacades ................... SKIPPED
[INFO] AndroMDA Profiles ................................. SKIPPED
[INFO] AndroMDA UML 2.0 Profile .......................... SKIPPED
[INFO] AndroMDA UML 2.0 Datatype Profile ................. SKIPPED
[INFO] AndroMDA UML 2.0 Messaging Profile ................ SKIPPED
[INFO] AndroMDA UML 2.0 Meta Profile ..................... SKIPPED
[INFO] AndroMDA UML 2.0 Persistence Profile .............. SKIPPED
[INFO] AndroMDA UML 2.0 Presentation Profile ............. SKIPPED
[INFO] AndroMDA UML 2.0 Process Profile .................. SKIPPED
[INFO] AndroMDA UML 2.0 Service Profile .................. SKIPPED
[INFO] AndroMDA UML 2.0 WebService Profile ............... SKIPPED
[INFO] AndroMDA UML 2.0 XML Profile ...................... SKIPPED
[INFO] AndroMDA UML 2.0 Common Profile ................... SKIPPED
[INFO] AndroMDA UML 2.0 Gui Profile ...................... SKIPPED
[INFO] AndroMDA UML 2.0 Backend Profile .................. SKIPPED
[INFO] AndroMDA UML 2.0 Test Profile ..................... SKIPPED
[INFO] AndroMDA UML 2.0 Shared Profile ................... SKIPPED
[INFO] AndroMDA UML 2.0 Seam Profile ..................... SKIPPED
[INFO] AndroMDA Cartridges ............................... SKIPPED
[INFO] AndroMDA Database Cartridge ....................... SKIPPED
[INFO] AndroMDA EJB3 Cartridge ........................... SKIPPED
[INFO] AndroMDA Gui Cartridge Components ................. SKIPPED
[INFO] AndroMDA Gui Cartridge ............................ SKIPPED
[INFO] AndroMDA Seam Cartridge ........................... SKIPPED
[INFO] ------------------------------------------------------------------------
[INFO] BUILD SUCCESS
[INFO] ------------------------------------------------------------------------
[INFO] Total time: 40.328s
[INFO] Finished at: Fri Aug 10 00:57:34 CEST 2012
[INFO] Final Memory: 40M/247M
[INFO] ------------------------------------------------------------------------
