[INFO] Scanning for projects...
[INFO]                                                                         
[INFO] ------------------------------------------------------------------------
[INFO] Building Databases DAO global 1.0
[INFO] ------------------------------------------------------------------------
[INFO] 
[INFO] --- build-helper-maven-plugin:1.8:add-source (add-source) @ global ---
[INFO] Source directory: C:\workspace\users\albandri10\databases\sample\dao\business\global\src\generated\main\java added.
[INFO] Source directory: C:\workspace\users\albandri10\databases\sample\dao\business\global\src\generated\main\resources added.
[INFO] 
[INFO] --- maven-java-formatter-plugin:0.4:format (default) @ global ---
[INFO] Using 'UTF-8' encoding to format source files.
[INFO] Number of files to be formatted: 15
[INFO] Successfully formatted: 0 file(s)
[INFO] Fail to format        : 0 file(s)
[INFO] Skipped               : 15 file(s)
[INFO] Approximate time taken: 0s
[INFO] 
[INFO] --- maven-resources-plugin:2.6:resources (default-resources) @ global ---
[INFO] Using 'UTF-8' encoding to copy filtered resources.
[INFO] Copying 0 resource
[INFO] Copying 10 resources
[INFO] 
[INFO] --- maven-compiler-plugin:3.1:compile (default-compile) @ global ---
[INFO] Nothing to compile - all classes are up to date
[INFO] 
[INFO] --- build-helper-maven-plugin:1.8:add-test-source (add-test-source) @ global ---
[INFO] Test Source directory: C:\workspace\users\albandri10\databases\sample\dao\business\global\src\test\groovy added.
[INFO] 
[INFO] --- maven-resources-plugin:2.6:testResources (default-testResources) @ global ---
[INFO] Not copying test resources
[INFO] 
[INFO] --- maven-compiler-plugin:3.1:testCompile (default-testCompile) @ global ---
[INFO] Not compiling test sources
[INFO] 
[INFO] --- dbunit-maven-plugin:1.0-beta-3:operation (test-compile) @ global ---
234 [main] INFO org.dbunit.database.DatabaseDataSet - 
	database name=Apache Derby
	database version=10.3.1.4 - (561794)
	database major version=10
	database minor version=3
	jdbc driver name=Apache Derby Embedded JDBC Driver
	jdbc driver version=10.3.1.4 - (561794)
	jdbc driver major version=10
	jdbc driver minor version=3

234 [main] INFO org.dbunit.util.SQLHelper - class org.dbunit.database.DatabaseTableMetaData. Corrected table name: oldValue=person newValue=PERSON
234 [main] INFO org.dbunit.util.SQLHelper - class org.dbunit.database.DatabaseTableMetaData. Corrected table name: oldValue=user_role newValue=USER_ROLE
234 [main] INFO org.dbunit.util.SQLHelper - class org.dbunit.database.DatabaseTableMetaData. Corrected table name: oldValue=role newValue=ROLE
234 [main] INFO org.dbunit.util.SQLHelper - class org.dbunit.database.DatabaseTableMetaData. Corrected table name: oldValue=app_user newValue=APP_USER
250 [main] INFO org.dbunit.util.SQLHelper - class org.dbunit.database.DatabaseTableMetaData. Corrected table name: oldValue=Address newValue=ADDRESS
[INFO] 
[INFO] --- maven-surefire-plugin:2.16:test (default-test) @ global ---
[INFO] Tests are skipped.
[INFO] 
[INFO] --- maven-jar-plugin:2.3.2:jar (default-jar) @ global ---
[INFO] Building jar: C:\workspace\users\albandri10\databases\sample\dao\business\global\target\global-1.0.jar
[INFO] 
[INFO] --- maven-install-plugin:2.4:install (default-install) @ global ---
[INFO] Installing C:\workspace\users\albandri10\databases\sample\dao\business\global\target\global-1.0.jar to C:\repo\com\nabla\project\databases\sample\dao\business\global\global\1.0\global-1.0.jar
[INFO] Installing C:\workspace\users\albandri10\databases\sample\dao\business\global\pom.xml to C:\repo\com\nabla\project\databases\sample\dao\business\global\global\1.0\global-1.0.pom
[INFO] ------------------------------------------------------------------------
[INFO] BUILD SUCCESS
[INFO] ------------------------------------------------------------------------
[INFO] Total time: 3.171s
[INFO] Finished at: Mon Aug 26 06:19:23 CEST 2013
[INFO] Final Memory: 13M/36M
[INFO] ------------------------------------------------------------------------
