[INFO] Scanning for projects...
[INFO]                                                                         
[INFO] ------------------------------------------------------------------------
[INFO] Building Databases DAO global 1.0
[INFO] ------------------------------------------------------------------------
[INFO] 
[INFO] --- build-helper-maven-plugin:1.8:add-source (add-source) @ global ---
[INFO] Source directory: C:\workspace\users\albandri10\databases\sample\dao\business\global\src\generated\main\java added.
[INFO] Source directory: C:\workspace\users\albandri10\databases\sample\dao\business\global\src\generated\main\resources added.
[INFO] 
[INFO] --- maven-java-formatter-plugin:0.4:format (default) @ global ---
[INFO] Using 'UTF-8' encoding to format source files.
[INFO] Number of files to be formatted: 15
[INFO] Successfully formatted: 0 file(s)
[INFO] Fail to format        : 0 file(s)
[INFO] Skipped               : 15 file(s)
[INFO] Approximate time taken: 0s
[INFO] 
[INFO] --- maven-resources-plugin:2.6:resources (default-resources) @ global ---
[INFO] Using 'UTF-8' encoding to copy filtered resources.
[INFO] Copying 0 resource
[INFO] Copying 10 resources
[INFO] 
[INFO] --- maven-compiler-plugin:3.1:compile (default-compile) @ global ---
[INFO] Nothing to compile - all classes are up to date
[INFO] 
[INFO] --- build-helper-maven-plugin:1.8:add-test-source (add-test-source) @ global ---
[INFO] Test Source directory: C:\workspace\users\albandri10\databases\sample\dao\business\global\src\test\groovy added.
[INFO] 
[INFO] --- maven-resources-plugin:2.6:testResources (default-testResources) @ global ---
[INFO] Not copying test resources
[INFO] 
[INFO] >>> hibernate3-maven-plugin:2.2:hbm2ddl (default) @ global >>>
[INFO] 
[INFO] --- build-helper-maven-plugin:1.8:add-source (add-source) @ global ---
[INFO] Source directory: C:\workspace\users\albandri10\databases\sample\dao\business\global\src\generated\main\java added.
[INFO] Source directory: C:\workspace\users\albandri10\databases\sample\dao\business\global\src\generated\main\resources added.
[INFO] 
[INFO] --- maven-java-formatter-plugin:0.4:format (default) @ global ---
[INFO] Using 'UTF-8' encoding to format source files.
[INFO] Number of files to be formatted: 15
[INFO] Successfully formatted: 0 file(s)
[INFO] Fail to format        : 0 file(s)
[INFO] Skipped               : 15 file(s)
[INFO] Approximate time taken: 0s
[INFO] 
[INFO] --- maven-resources-plugin:2.6:resources (default-resources) @ global ---
[INFO] Using 'UTF-8' encoding to copy filtered resources.
[INFO] Copying 0 resource
[INFO] Copying 10 resources
[INFO] 
[INFO] <<< hibernate3-maven-plugin:2.2:hbm2ddl (default) @ global <<<
[INFO] 
[INFO] --- hibernate3-maven-plugin:2.2:hbm2ddl (default) @ global ---
[INFO] Configuration XML file loaded: file:/C:/workspace/users/albandri10/databases/sample/dao/business/global/target/classes/hibernate.cfg.xml
[INFO] Configuration XML file loaded: file:/C:/workspace/users/albandri10/databases/sample/dao/business/global/target/classes/hibernate.cfg.xml
[INFO] Configuration Properties file loaded: C:\workspace\users\albandri10\databases\sample\dao\business\global\target\classes\jdbc.properties
alter table APP.Person drop constraint FK8E488775F4CBC80F;
alter table APP.PersonActivity drop constraint FK413E99A493E9BC25;
alter table APP.PersonActivity drop constraint FK413E99A4A6037325;
alter table APP.app_user drop constraint FK459C5729F4CBC80F;
alter table APP.user_role drop constraint FK143BF46AE028C345;
alter table APP.user_role drop constraint FK143BF46A85538725;
drop table APP.Activity;
drop table APP.Address;
drop table APP.Person;
drop table APP.PersonActivity;
drop table APP.app_user;
drop table APP.role;
drop table APP.user_role;
drop table APP.hibernate_unique_key;
create table APP.Activity (id bigint not null, name varchar(30) not null unique, version integer not null, primary key (id));
create table APP.Address (id bigint not null, address varchar(150) not null, address_info varchar(30), cedex varchar(3), city varchar(20) not null, code varchar(5) not null, country varchar(20) not null, postal_code varchar(15), province varchar(100), version integer not null, primary key (id));
create table APP.Person (id bigint not null, birthDate date not null, first_name varchar(50) not null, last_name varchar(50) not null, married smallint not null, nbChildren integer not null, version integer not null, address_id bigint not null unique, primary key (id));
create table APP.PersonActivity (person_id bigint not null, ACTIVITY_ID bigint not null, primary key (person_id, ACTIVITY_ID));
create table APP.app_user (id bigint not null, account_expired smallint not null, account_locked smallint not null, credentials_expired smallint not null, email varchar(255) not null unique, account_enabled smallint, first_name varchar(50) not null, last_name varchar(50) not null, password varchar(255) not null, password_hint varchar(255), phone_number varchar(255), username varchar(50) not null unique, version integer, website varchar(255), address_id bigint not null unique, primary key (id));
create table APP.role (id bigint not null, description varchar(64), name varchar(20), primary key (id));
create table APP.user_role (user_id bigint not null, role_id bigint not null, primary key (user_id, role_id));
alter table APP.Person add constraint FK8E488775F4CBC80F foreign key (address_id) references APP.Address;
alter table APP.PersonActivity add constraint FK413E99A493E9BC25 foreign key (person_id) references APP.Person;
alter table APP.PersonActivity add constraint FK413E99A4A6037325 foreign key (ACTIVITY_ID) references APP.Activity;
alter table APP.app_user add constraint FK459C5729F4CBC80F foreign key (address_id) references APP.Address;
alter table APP.user_role add constraint FK143BF46AE028C345 foreign key (role_id) references APP.role;
alter table APP.user_role add constraint FK143BF46A85538725 foreign key (user_id) references APP.app_user;
create table APP.hibernate_unique_key ( next_hi integer );
insert into APP.hibernate_unique_key values ( 0 );
[tutorial] WARN [main] JDBCExceptionReporter.logWarnings(77) | SQL Warning: 10000, SQLState: 01J01
[tutorial] WARN [main] JDBCExceptionReporter.logWarnings(78) | Database '~/myDBGlobal' not created, connection made to existing database instead.
[INFO] 
[INFO] --- hibernate3-maven-plugin:2.2:hbm2doc (default) @ global ---
[INFO] using annotationconfiguration task.
[INFO] Configuration XML file loaded: file:/C:/workspace/users/albandri10/databases/sample/dao/business/global/target/classes/hibernate.cfg.xml
[INFO] Configuration XML file loaded: file:/C:/workspace/users/albandri10/databases/sample/dao/business/global/target/classes/hibernate.cfg.xml
[INFO] Configuration Properties file loaded: C:\workspace\users\albandri10\databases\sample\dao\business\global\target\classes\jdbc.properties
[INFO] 
[INFO] >>> hibernate3-maven-plugin:2.2:hbm2cfgxml (default) @ global >>>
[INFO] 
[INFO] --- build-helper-maven-plugin:1.8:add-source (add-source) @ global ---
[INFO] Source directory: C:\workspace\users\albandri10\databases\sample\dao\business\global\src\generated\main\java added.
[INFO] Source directory: C:\workspace\users\albandri10\databases\sample\dao\business\global\src\generated\main\resources added.
[INFO] 
[INFO] --- maven-java-formatter-plugin:0.4:format (default) @ global ---
[INFO] Using 'UTF-8' encoding to format source files.
[INFO] Number of files to be formatted: 15
[INFO] Successfully formatted: 0 file(s)
[INFO] Fail to format        : 0 file(s)
[INFO] Skipped               : 15 file(s)
[INFO] Approximate time taken: 0s
[INFO] 
[INFO] <<< hibernate3-maven-plugin:2.2:hbm2cfgxml (default) @ global <<<
[INFO] 
[INFO] --- hibernate3-maven-plugin:2.2:hbm2cfgxml (default) @ global ---
[INFO] using annotationconfiguration task.
[INFO] Configuration XML file loaded: file:/C:/workspace/users/albandri10/databases/sample/dao/business/global/target/classes/hibernate.cfg.xml
[INFO] Configuration XML file loaded: file:/C:/workspace/users/albandri10/databases/sample/dao/business/global/target/classes/hibernate.cfg.xml
[INFO] Configuration Properties file loaded: C:\workspace\users\albandri10\databases\sample\dao\business\global\target\classes\jdbc.properties
[INFO] 
[INFO] --- maven-compiler-plugin:3.1:testCompile (default-testCompile) @ global ---
[INFO] Not compiling test sources
[INFO] 
[INFO] --- maven-surefire-plugin:2.16:test (default-test) @ global ---
[INFO] Tests are skipped.
[INFO] 
[INFO] --- maven-jar-plugin:2.3.2:jar (default-jar) @ global ---
[INFO] Building jar: C:\workspace\users\albandri10\databases\sample\dao\business\global\target\global-1.0.jar
[INFO] 
[INFO] --- maven-install-plugin:2.4:install (default-install) @ global ---
[INFO] Installing C:\workspace\users\albandri10\databases\sample\dao\business\global\target\global-1.0.jar to C:\repo\com\nabla\project\databases\sample\dao\business\global\global\1.0\global-1.0.jar
[INFO] Installing C:\workspace\users\albandri10\databases\sample\dao\business\global\pom.xml to C:\repo\com\nabla\project\databases\sample\dao\business\global\global\1.0\global-1.0.pom
[INFO] ------------------------------------------------------------------------
[INFO] BUILD SUCCESS
[INFO] ------------------------------------------------------------------------
[INFO] Total time: 5.797s
[INFO] Finished at: Mon Aug 26 06:19:42 CEST 2013
[INFO] Final Memory: 17M/41M
[INFO] ------------------------------------------------------------------------
