[INFO] Scanning for projects...
[INFO]                                                                         
[INFO] ------------------------------------------------------------------------
[INFO] Building Maven Java Server Faces Webapp for Visma 1.0.1-SNAPSHOT
[INFO] ------------------------------------------------------------------------
[INFO] 
[INFO] --- maven-dependency-plugin:2.8:tree (default-cli) @ gui ---
[INFO] com.nabla.project.sample.interview.visma:gui:war:1.0.1-SNAPSHOT
[INFO] +- org.jboss.spec.javax.faces:jboss-jsf-api_2.1_spec:jar:2.1.28.Final:provided
[INFO] +- javax.faces:jsf-api:jar:1.2_15:provided
[INFO] +- com.sun.faces:jsf-api:jar:2.1.7:compile
[INFO] +- com.sun.faces:jsf-impl:jar:2.1.7:compile
[INFO] +- javax.servlet:jstl:jar:1.2:compile
[INFO] +- javax.servlet:servlet-api:jar:2.5:provided
[INFO] +- javax.servlet.jsp:jsp-api:jar:2.2.1-b03:provided
[INFO] +- com.sun.el:el-ri:jar:1.0:compile
[INFO] +- commons-httpclient:commons-httpclient:jar:3.1:compile
[INFO] |  +- commons-logging:commons-logging:jar:1.1.1:compile
[INFO] |  \- commons-codec:commons-codec:jar:1.5:runtime
[INFO] +- org.codehaus.groovy:groovy-all:jar:2.0.5:test
[INFO] +- junit:junit:jar:4.11:test
[INFO] |  \- org.hamcrest:hamcrest-core:jar:1.3.RC2:test
[INFO] +- info.cukes:cucumber-java:jar:1.1.7:test
[INFO] |  \- info.cukes:cucumber-core:jar:1.1.7:test
[INFO] |     +- info.cukes:cucumber-html:jar:0.2.3:test
[INFO] |     +- info.cukes:cucumber-jvm-deps:jar:1.0.3:test
[INFO] |     \- info.cukes:gherkin:jar:2.12.2:test
[INFO] +- info.cukes:cucumber-junit:jar:1.1.7:test
[INFO] +- org.jboss.arquillian.junit:arquillian-junit-container:jar:1.1.0.Final:test
[INFO] |  +- org.jboss.arquillian.junit:arquillian-junit-core:jar:1.1.0.Final:test
[INFO] |  +- org.jboss.arquillian.test:arquillian-test-api:jar:1.1.0.Final:test
[INFO] |  |  \- org.jboss.arquillian.core:arquillian-core-api:jar:1.1.0.Final:test
[INFO] |  +- org.jboss.arquillian.test:arquillian-test-spi:jar:1.1.0.Final:test
[INFO] |  |  \- org.jboss.arquillian.core:arquillian-core-spi:jar:1.1.0.Final:test
[INFO] |  +- org.jboss.arquillian.container:arquillian-container-test-api:jar:1.1.0.Final:test
[INFO] |  +- org.jboss.arquillian.container:arquillian-container-test-spi:jar:1.1.0.Final:test
[INFO] |  +- org.jboss.arquillian.core:arquillian-core-impl-base:jar:1.1.0.Final:test
[INFO] |  +- org.jboss.arquillian.test:arquillian-test-impl-base:jar:1.1.0.Final:test
[INFO] |  +- org.jboss.arquillian.container:arquillian-container-impl-base:jar:1.1.0.Final:test
[INFO] |  |  +- org.jboss.arquillian.config:arquillian-config-api:jar:1.1.0.Final:test
[INFO] |  |  \- org.jboss.arquillian.config:arquillian-config-impl-base:jar:1.1.0.Final:test
[INFO] |  +- org.jboss.arquillian.container:arquillian-container-test-impl-base:jar:1.1.0.Final:test
[INFO] |  \- org.jboss.shrinkwrap:shrinkwrap-impl-base:jar:1.1.2:test
[INFO] |     \- org.jboss.shrinkwrap:shrinkwrap-spi:jar:1.1.2:test
[INFO] +- org.jboss.arquillian.protocol:arquillian-protocol-servlet:jar:1.1.0.Final:test
[INFO] |  +- org.jboss.arquillian.container:arquillian-container-spi:jar:1.1.0.Final:test
[INFO] |  \- org.jboss.shrinkwrap.descriptors:shrinkwrap-descriptors-spi:jar:2.0.0-alpha-3:test
[INFO] +- org.jboss.arquillian:arquillian-spi:jar:1.0.0.Alpha5:test
[INFO] |  \- org.jboss.arquillian:arquillian-api:jar:1.0.0.Alpha5:test
[INFO] |     \- org.jboss.shrinkwrap.descriptors:shrinkwrap-descriptors-api:jar:0.1.4:test
[INFO] +- org.seleniumhq.selenium:selenium-java:jar:2.41.0:test
[INFO] |  \- org.webbitserver:webbit:jar:0.4.14:test
[INFO] |     \- io.netty:netty:jar:3.5.2.Final:test
[INFO] +- org.seleniumhq.selenium:selenium-remote-driver:jar:2.41.0:test
[INFO] |  +- cglib:cglib-nodep:jar:2.2.2:runtime
[INFO] |  +- org.json:json:jar:20080701:test
[INFO] |  +- org.apache.httpcomponents:httpclient:jar:4.3.1:test
[INFO] |  |  \- org.apache.httpcomponents:httpcore:jar:4.3:test
[INFO] |  +- com.google.guava:guava:jar:14.0.1:compile
[INFO] |  +- org.apache.commons:commons-exec:jar:1.1:test
[INFO] |  +- net.java.dev.jna:jna:jar:3.4.0:test
[INFO] |  \- net.java.dev.jna:platform:jar:3.4.0:test
[INFO] +- org.seleniumhq.selenium:selenium-firefox-driver:jar:2.41.0:test
[INFO] |  \- commons-io:commons-io:jar:2.1:compile
[INFO] +- org.seleniumhq.selenium:selenium-api:jar:2.41.0:test
[INFO] +- org.seleniumhq.selenium:selenium-support:jar:2.41.0:test
[INFO] +- org.seleniumhq.selenium:selenium-safari-driver:jar:2.41.0:test
[INFO] +- org.seleniumhq.selenium:selenium-iphone-driver:jar:2.39.0:test
[INFO] +- org.seleniumhq.selenium:selenium-ie-driver:jar:2.41.0:test
[INFO] +- org.seleniumhq.selenium:selenium-htmlunit-driver:jar:2.41.0:test
[INFO] |  \- net.sourceforge.htmlunit:htmlunit:jar:2.13:test
[INFO] |     +- commons-collections:commons-collections:jar:3.2.1:compile
[INFO] |     +- org.apache.commons:commons-lang3:jar:3.1:test
[INFO] |     +- org.apache.httpcomponents:httpmime:jar:4.3.1:test
[INFO] |     +- net.sourceforge.htmlunit:htmlunit-core-js:jar:2.13:test
[INFO] |     +- net.sourceforge.nekohtml:nekohtml:jar:1.9.17:provided
[INFO] |     +- net.sourceforge.cssparser:cssparser:jar:0.9.5:test
[INFO] |     |  \- org.w3c.css:sac:jar:1.3:test
[INFO] |     \- org.eclipse.jetty:jetty-websocket:jar:8.1.14.v20131031:test
[INFO] |        +- org.eclipse.jetty:jetty-util:jar:9.0.2.v20130417:test
[INFO] |        +- org.eclipse.jetty:jetty-io:jar:9.0.2.v20130417:test
[INFO] |        \- org.eclipse.jetty:jetty-http:jar:9.0.2.v20130417:test
[INFO] +- org.seleniumhq.selenium:selenium-android-driver:jar:2.39.0:test
[INFO] +- org.seleniumhq.selenium:selenium-chrome-driver:jar:2.41.0:test
[INFO] +- org.seleniumhq.selenium:selenium-server:jar:2.41.0:test
[INFO] |  +- org.bouncycastle:bcprov-jdk15on:jar:1.48:test
[INFO] |  +- org.bouncycastle:bcpkix-jdk15on:jar:1.48:test
[INFO] |  +- mx4j:mx4j-tools:jar:3.0.1:test
[INFO] |  +- org.mortbay.jetty:servlet-api-2.5:jar:6.1.9:test
[INFO] |  +- org.seleniumhq.selenium:jetty-repacked:jar:7.6.1:test
[INFO] |  +- net.jcip:jcip-annotations:jar:1.0:test
[INFO] |  \- org.yaml:snakeyaml:jar:1.8:test
[INFO] +- com.nabla.project.sample.interview.visma:core:jar:1.0.1-SNAPSHOT:compile
[INFO] |  +- log4j:log4j:jar:1.2.17:compile
[INFO] |  \- commons-lang:commons-lang:jar:2.5:compile
[INFO] +- org.jboss.spec:jboss-javaee-6.0:pom:3.0.2.Final:provided
[INFO] |  +- javax.activation:activation:jar:1.1.1:compile
[INFO] |  +- javax.enterprise:cdi-api:jar:1.0-SP4:provided
[INFO] |  +- javax.inject:javax.inject:jar:1:provided
[INFO] |  +- javax.jws:jsr181-api:jar:1.0-MR1:provided
[INFO] |  +- javax.mail:mail:jar:1.4.5:compile
[INFO] |  +- javax.validation:validation-api:jar:1.0.0.GA:provided
[INFO] |  +- org.hibernate.javax.persistence:hibernate-jpa-2.0-api:jar:1.0.1.Final:provided
[INFO] |  +- org.jboss.spec.javax.annotation:jboss-annotations-api_1.1_spec:jar:1.0.0.Final:provided
[INFO] |  +- org.jboss.spec.javax.ejb:jboss-ejb-api_3.1_spec:jar:1.0.1.Final:provided
[INFO] |  +- org.jboss.spec.javax.el:jboss-el-api_2.2_spec:jar:1.0.2.Final:provided
[INFO] |  +- org.jboss.spec.javax.enterprise.deploy:jboss-jad-api_1.2_spec:jar:1.0.1.Final:provided
[INFO] |  +- org.jboss.spec.javax.interceptor:jboss-interceptors-api_1.1_spec:jar:1.0.0.Final:provided
[INFO] |  +- org.jboss.spec.javax.management.j2ee:jboss-j2eemgmt-api_1.1_spec:jar:1.0.1.Final:provided
[INFO] |  +- org.jboss.spec.javax.resource:jboss-connector-api_1.6_spec:jar:1.0.1.Final:provided
[INFO] |  +- org.jboss.spec.javax.rmi:jboss-rmi-api_1.0_spec:jar:1.0.4.Final:provided
[INFO] |  +- org.jboss.spec.javax.security.jacc:jboss-jacc-api_1.4_spec:jar:1.0.2.Final:provided
[INFO] |  +- org.jboss.spec.javax.security.auth.message:jboss-jaspi-api_1.0_spec:jar:1.0.1.Final:provided
[INFO] |  +- org.jboss.spec.javax.xml.registry:jboss-jaxr-api_1.0_spec:jar:1.0.2.Final:provided
[INFO] |  +- org.jboss.spec.javax.jms:jboss-jms-api_1.1_spec:jar:1.0.1.Final:provided
[INFO] |  +- org.jboss.spec.javax.servlet:jboss-servlet-api_3.0_spec:jar:1.0.2.Final:provided
[INFO] |  +- org.jboss.spec.javax.servlet.jsp:jboss-jsp-api_2.2_spec:jar:1.0.1.Final:provided
[INFO] |  +- org.jboss.spec.javax.servlet.jstl:jboss-jstl-api_1.2_spec:jar:1.0.3.Final:provided
[INFO] |  +- org.jboss.spec.javax.transaction:jboss-transaction-api_1.1_spec:jar:1.0.1.Final:provided
[INFO] |  +- org.jboss.spec.javax.ws.rs:jboss-jaxrs-api_1.1_spec:jar:1.0.0.Final:provided
[INFO] |  +- org.jboss.spec.javax.xml.bind:jboss-jaxb-api_2.2_spec:jar:1.0.4.Final:provided
[INFO] |  +- org.jboss.spec.javax.xml.rpc:jboss-jaxrpc-api_1.1_spec:jar:1.0.1.Final:provided
[INFO] |  +- org.jboss.spec.javax.xml.soap:jboss-saaj-api_1.3_spec:jar:1.0.2.Final:provided
[INFO] |  \- org.jboss.spec.javax.xml.ws:jboss-jaxws-api_2.2_spec:jar:2.0.1.Final:provided
[INFO] +- org.jboss.arquillian.container:arquillian-weld-ee-embedded-1.1:jar:1.0.0.CR5:test
[INFO] |  \- org.jboss.arquillian.testenricher:arquillian-testenricher-cdi:jar:1.1.0.Final:test
[INFO] +- org.jboss.weld:weld-core:jar:1.1.9.Final:test
[INFO] |  +- org.jboss.weld:weld-api:jar:1.1.Final:test
[INFO] |  +- org.jboss.weld:weld-spi:jar:1.1.Final:test
[INFO] |  +- javax.annotation:jsr250-api:jar:1.0:test
[INFO] |  +- org.javassist:javassist:jar:3.18.1-GA:provided
[INFO] |  +- org.slf4j:slf4j-ext:jar:1.6.1:test
[INFO] |  +- ch.qos.cal10n:cal10n-api:jar:0.7.2:test
[INFO] |  \- org.slf4j:slf4j-api:jar:1.7.5:test
[INFO] +- org.slf4j:slf4j-simple:jar:1.7.5:test
[INFO] +- org.apache.derby:derby:jar:10.10.1.1:provided
[INFO] +- org.apache.derby:derbytools:jar:10.10.1.1:provided
[INFO] +- org.apache.derby:derbynet:jar:10.10.1.1:provided
[INFO] +- org.apache.derby:derbyclient:jar:10.10.1.1:provided
[INFO] +- com.google.code.protoj:protoj-nodep:jar:1.8.4:test
[INFO] +- junitperf:junitperf:jar:1.9.1:test
[INFO] +- xmlunit:xmlunit:jar:1.5:test
[INFO] +- xerces:xercesImpl:jar:2.9.1:provided
[INFO] +- xalan:xalan:jar:2.7.1:provided
[INFO] |  \- xalan:serializer:jar:2.7.1:provided
[INFO] +- org.codehaus.sonar-plugins.java:sonar-jacoco-listeners:jar:2.2:test
[INFO] +- org.jboss.arquillian.extension:arquillian-jacoco:jar:1.0.0.Alpha6:test
[INFO] |  +- org.jboss.shrinkwrap:shrinkwrap-api:jar:1.1.2:test
[INFO] |  \- org.jboss.shrinkwrap.descriptors:shrinkwrap-descriptors-api-base:jar:2.0.0-alpha-3:test
[INFO] \- org.jacoco:org.jacoco.core:jar:0.7.1.201405082137:provided
[INFO]    \- org.ow2.asm:asm-debug-all:jar:5.0.1:provided
[INFO] ------------------------------------------------------------------------
[INFO] BUILD SUCCESS
[INFO] ------------------------------------------------------------------------
[INFO] Total time: 4.119s
[INFO] Finished at: Mon Jun 23 21:19:17 CEST 2014
[INFO] Final Memory: 20M/247M
[INFO] ------------------------------------------------------------------------
