[INFO] Scanning for projects...
[INFO]                                                                         
[INFO] ------------------------------------------------------------------------
[INFO] Building [timetracker-ejb3 :: EJB3 Database Business Tier] - database : 1.0.1-SNAPSHOT 1.0.1-SNAPSHOT
[INFO] ------------------------------------------------------------------------
[INFO] 
[INFO] --- maven-dependency-plugin:2.8:tree (default-cli) @ database ---
[INFO] org.andromda.timetracker.ejb3:database:jar:1.0.1-SNAPSHOT
[INFO] +- org.andromda.timetracker.ejb3:common:jar:1.0.1-SNAPSHOT:compile
[INFO] +- org.hibernate:hibernate-entitymanager:jar:3.4.0.GA:provided
[INFO] |  +- org.hibernate:hibernate-annotations:jar:3.4.0.GA:provided
[INFO] |  \- dom4j:dom4j:jar:1.6.1:compile
[INFO] +- javax.validation:validation-api:jar:1.0.0.GA:compile
[INFO] +- org.hibernate:hibernate-validator:jar:3.1.0.GA:provided
[INFO] +- org.hibernate:hibernate-core:jar:3.3.2.GA:provided
[INFO] +- org.hibernate:hibernate-validator-legacy:jar:4.0.2.GA:compile
[INFO] +- org.hibernate:hibernate-commons-annotations:jar:3.2.0.Final:provided
[INFO] +- javax.persistence:persistence-api:jar:1.0.2:provided
[INFO] +- cglib:cglib-nodep:jar:2.2.2:runtime
[INFO] +- org.javassist:javassist:jar:3.18.1-GA:provided
[INFO] +- org.slf4j:slf4j-api:jar:1.7.5:test
[INFO] +- org.slf4j:slf4j-simple:jar:1.7.5:test
[INFO] +- org.jboss.spec:jboss-javaee-6.0:pom:3.0.2.Final:provided
[INFO] |  +- javax.activation:activation:jar:1.1.1:compile
[INFO] |  +- javax.enterprise:cdi-api:jar:1.0-SP4:provided
[INFO] |  +- javax.inject:javax.inject:jar:1:provided
[INFO] |  +- javax.jws:jsr181-api:jar:1.0-MR1:provided
[INFO] |  +- javax.mail:mail:jar:1.4.5:compile
[INFO] |  +- org.hibernate.javax.persistence:hibernate-jpa-2.0-api:jar:1.0.1.Final:provided
[INFO] |  +- org.jboss.spec.javax.annotation:jboss-annotations-api_1.1_spec:jar:1.0.0.Final:provided
[INFO] |  +- org.jboss.spec.javax.ejb:jboss-ejb-api_3.1_spec:jar:1.0.1.Final:provided
[INFO] |  +- org.jboss.spec.javax.el:jboss-el-api_2.2_spec:jar:1.0.2.Final:provided
[INFO] |  +- org.jboss.spec.javax.enterprise.deploy:jboss-jad-api_1.2_spec:jar:1.0.1.Final:provided
[INFO] |  +- org.jboss.spec.javax.faces:jboss-jsf-api_2.1_spec:jar:2.1.28.Final:provided
[INFO] |  +- org.jboss.spec.javax.interceptor:jboss-interceptors-api_1.1_spec:jar:1.0.0.Final:provided
[INFO] |  +- org.jboss.spec.javax.management.j2ee:jboss-j2eemgmt-api_1.1_spec:jar:1.0.1.Final:provided
[INFO] |  +- org.jboss.spec.javax.resource:jboss-connector-api_1.6_spec:jar:1.0.1.Final:provided
[INFO] |  +- org.jboss.spec.javax.rmi:jboss-rmi-api_1.0_spec:jar:1.0.4.Final:provided
[INFO] |  +- org.jboss.spec.javax.security.jacc:jboss-jacc-api_1.4_spec:jar:1.0.2.Final:provided
[INFO] |  +- org.jboss.spec.javax.security.auth.message:jboss-jaspi-api_1.0_spec:jar:1.0.1.Final:provided
[INFO] |  +- org.jboss.spec.javax.xml.registry:jboss-jaxr-api_1.0_spec:jar:1.0.2.Final:provided
[INFO] |  +- org.jboss.spec.javax.jms:jboss-jms-api_1.1_spec:jar:1.0.1.Final:provided
[INFO] |  +- org.jboss.spec.javax.servlet:jboss-servlet-api_3.0_spec:jar:1.0.2.Final:provided
[INFO] |  +- org.jboss.spec.javax.servlet.jsp:jboss-jsp-api_2.2_spec:jar:1.0.1.Final:provided
[INFO] |  +- org.jboss.spec.javax.servlet.jstl:jboss-jstl-api_1.2_spec:jar:1.0.3.Final:provided
[INFO] |  +- org.jboss.spec.javax.transaction:jboss-transaction-api_1.1_spec:jar:1.0.1.Final:provided
[INFO] |  +- org.jboss.spec.javax.ws.rs:jboss-jaxrs-api_1.1_spec:jar:1.0.0.Final:provided
[INFO] |  +- org.jboss.spec.javax.xml.bind:jboss-jaxb-api_2.2_spec:jar:1.0.4.Final:provided
[INFO] |  +- org.jboss.spec.javax.xml.rpc:jboss-jaxrpc-api_1.1_spec:jar:1.0.1.Final:provided
[INFO] |  +- org.jboss.spec.javax.xml.soap:jboss-saaj-api_1.3_spec:jar:1.0.2.Final:provided
[INFO] |  \- org.jboss.spec.javax.xml.ws:jboss-jaxws-api_2.2_spec:jar:2.0.1.Final:provided
[INFO] +- org.jboss.arquillian.container:arquillian-weld-ee-embedded-1.1:jar:1.0.0.CR5:test
[INFO] |  +- org.jboss.arquillian.container:arquillian-container-spi:jar:1.1.0.Final:test
[INFO] |  |  +- org.jboss.arquillian.core:arquillian-core-spi:jar:1.1.0.Final:test
[INFO] |  |  |  \- org.jboss.arquillian.core:arquillian-core-api:jar:1.1.0.Final:test
[INFO] |  |  +- org.jboss.arquillian.config:arquillian-config-api:jar:1.1.0.Final:test
[INFO] |  |  \- org.jboss.arquillian.config:arquillian-config-impl-base:jar:1.1.0.Final:test
[INFO] |  |     \- org.jboss.shrinkwrap.descriptors:shrinkwrap-descriptors-spi:jar:2.0.0-alpha-3:test
[INFO] |  +- org.jboss.arquillian.container:arquillian-container-test-spi:jar:1.1.0.Final:test
[INFO] |  |  +- org.jboss.arquillian.test:arquillian-test-spi:jar:1.1.0.Final:test
[INFO] |  |  |  \- org.jboss.arquillian.test:arquillian-test-api:jar:1.1.0.Final:test
[INFO] |  |  \- org.jboss.arquillian.container:arquillian-container-test-api:jar:1.1.0.Final:test
[INFO] |  \- org.jboss.arquillian.testenricher:arquillian-testenricher-cdi:jar:1.1.0.Final:test
[INFO] +- org.jboss.weld:weld-core:jar:1.1.9.Final:test
[INFO] |  +- org.jboss.weld:weld-api:jar:1.1.Final:test
[INFO] |  +- org.jboss.weld:weld-spi:jar:1.1.Final:test
[INFO] |  +- javax.annotation:jsr250-api:jar:1.0:test
[INFO] |  +- com.google.guava:guava:jar:14.0.1:test
[INFO] |  +- org.slf4j:slf4j-ext:jar:1.6.1:test
[INFO] |  \- ch.qos.cal10n:cal10n-api:jar:0.7.2:test
[INFO] +- com.h2database:h2:jar:1.3.174:provided
[INFO] +- junit:junit:jar:4.11:test
[INFO] |  \- org.hamcrest:hamcrest-core:jar:1.3.RC2:test
[INFO] +- com.google.code.protoj:protoj-nodep:jar:1.8.4:test
[INFO] +- junitperf:junitperf:jar:1.9.1:test
[INFO] +- xmlunit:xmlunit:jar:1.5:test
[INFO] +- xerces:xercesImpl:jar:2.9.1:provided
[INFO] +- xalan:xalan:jar:2.7.1:provided
[INFO] |  \- xalan:serializer:jar:2.7.1:provided
[INFO] +- org.codehaus.sonar-plugins.java:sonar-jacoco-listeners:jar:2.2:test
[INFO] +- org.jboss.arquillian.extension:arquillian-jacoco:jar:1.0.0.Alpha6:test
[INFO] |  +- org.jboss.shrinkwrap:shrinkwrap-api:jar:1.1.2:test
[INFO] |  \- org.jboss.shrinkwrap.descriptors:shrinkwrap-descriptors-api-base:jar:2.0.0-alpha-3:test
[INFO] \- org.jacoco:org.jacoco.core:jar:0.7.1.201405082137:provided
[INFO]    \- org.ow2.asm:asm-debug-all:jar:5.0.1:provided
[INFO] ------------------------------------------------------------------------
[INFO] BUILD SUCCESS
[INFO] ------------------------------------------------------------------------
[INFO] Total time: 3.050s
[INFO] Finished at: Tue Jun 24 00:37:15 CEST 2014
[INFO] Final Memory: 18M/247M
[INFO] ------------------------------------------------------------------------
