[INFO] Error stacktraces are turned on.
[INFO] Scanning for projects...
[INFO]                                                                         
[INFO] ------------------------------------------------------------------------
[INFO] Building [timetracker-ejb3 :: EJB3 Database Business Tier] - database : 3.5 3.5
[INFO] ------------------------------------------------------------------------
[INFO] 
[INFO] --- andromdapp-maven-plugin:3.5:schema (default-cli) @ database ---
[INFO] create table TASK (
        ID BIGINT generated by default as identity,
        NAME VARCHAR(256) not null unique,
        primary key (ID)
    )
[INFO] create table TIMECARD (
        ID BIGINT generated by default as identity,
        COMMENTS VARCHAR(256) not null,
        START_DATE DATETIME not null,
        STATUS VARCHAR(256) not null,
        APPROVER BIGINT,
        SUBMITTER BIGINT not null,
        primary key (ID)
    )
[INFO] create table TIME_ALLOCATION (
        ID BIGINT generated by default as identity,
        TIME_PERIOD_START_TIME DATETIME not null,
        TIME_PERIOD_END_TIME DATETIME not null,
        TASK BIGINT not null,
        TIMECARD BIGINT not null,
        primary key (ID)
    )
[INFO] create table USERS (
        ID BIGINT generated by default as identity,
        USERNAME VARCHAR(50) not null unique,
        PASSWORD VARCHAR(256) not null,
        FIRST_NAME VARCHAR(256) not null,
        LAST_NAME VARCHAR(256) not null,
        EMAIL VARCHAR(50) not null unique,
        IS_ACTIVE BIT not null,
        CREATION_DATE DATETIME not null,
        COMMENT VARCHAR(256),
        primary key (ID)
    )
[INFO] create table USER_ROLE (
        ID BIGINT generated by default as identity,
        ROLE VARCHAR(256) not null,
        USERS BIGINT,
        primary key (ID)
    )
[INFO] alter table TIMECARD 
        add constraint TIMECARD_SUBMITTERC 
        foreign key (SUBMITTER) 
        references USERS
[INFO] alter table TIMECARD 
        add constraint TIMECARD_APPROVERC 
        foreign key (APPROVER) 
        references USERS
[INFO] alter table TIME_ALLOCATION 
        add constraint TIME_ALLOCATION_TASKC 
        foreign key (TASK) 
        references TASK
[INFO] alter table TIME_ALLOCATION 
        add constraint TIME_ALLOCATION_TIMECARDC 
        foreign key (TIMECARD) 
        references TIMECARD
[INFO] create index USERNAME_INDEX on USERS (USERNAME)
[INFO] alter table USER_ROLE 
        add constraint USER_ROLE_USERSC 
        foreign key (USERS) 
        references USERS
[INFO]  Executed script: C:\workspace\users\aandrieu10\nabla\sample\timetracker-ejb3\database/../app/src/main/sql/schema-create.sql
[INFO]  11  SQL statements executed
[INFO]  Failures: 0
[INFO]  Successes: 11
[INFO] ------------------------------------------------------------------------
[INFO] BUILD SUCCESS
[INFO] ------------------------------------------------------------------------
[INFO] Total time: 13.375s
[INFO] Finished at: Sat Dec 28 00:22:03 CET 2013
[INFO] Final Memory: 12M/29M
[INFO] ------------------------------------------------------------------------
