[INFO] Scanning for projects...
[INFO]                                                                         
[INFO] ------------------------------------------------------------------------
[INFO] Building JBoss AS Quickstarts: Errai kitchensink 1.0
[INFO] ------------------------------------------------------------------------
[INFO] 
[INFO] --- maven-dependency-plugin:2.1:tree (default-cli) @ gwt-kitchensink ---
[INFO] org.jboss.tools.gwt.kitchensink:gwt-kitchensink:war:1.0
[INFO] +- javax.enterprise:cdi-api:jar:1.0-SP4:provided (scope not updated to compile)
[INFO] |  +- org.jboss.spec.javax.interceptor:jboss-interceptors-api_1.1_spec:jar:1.0.0.Final:provided (version managed from 1.0.0.Beta1)
[INFO] |  \- javax.inject:javax.inject:jar:1:provided
[INFO] +- org.jboss.spec.javax.transaction:jboss-transaction-api_1.1_spec:jar:1.0.0.Final:provided
[INFO] +- org.jboss.spec.javax.annotation:jboss-annotations-api_1.1_spec:jar:1.0.0.Final:provided
[INFO] +- org.jboss.spec.javax.ws.rs:jboss-jaxrs-api_1.1_spec:jar:1.0.0.Final:provided
[INFO] +- org.hibernate.javax.persistence:hibernate-jpa-2.0-api:jar:1.0.1.Final:provided
[INFO] +- org.jboss.spec.javax.ejb:jboss-ejb-api_3.1_spec:jar:1.0.1.Final:provided
[INFO] +- javax.validation:validation-api:jar:1.0.0.GA:compile
[INFO] +- org.hibernate:hibernate-validator:jar:4.2.0.Final:provided
[INFO] +- org.hibernate:hibernate-validator:jar:sources:4.2.0.Final:provided
[INFO] +- javax.validation:validation-api:jar:sources:1.0.0.GA:compile
[INFO] +- org.jboss.errai:errai-bus:jar:2.0.Beta3:compile
[INFO] |  +- org.jboss.errai:errai-common:jar:2.0.Beta3:compile
[INFO] |  |  \- org.jboss.errai.reflections:reflections:jar:2.0.Beta3:compile
[INFO] |  |     +- com.google.guava:guava:jar:10.0.1:compile
[INFO] |  |     |  \- com.google.code.findbugs:jsr305:jar:1.3.9:compile
[INFO] |  |     \- dom4j:dom4j:jar:1.6.1:compile
[INFO] |  |        \- xml-apis:xml-apis:jar:1.0.b2:compile
[INFO] |  +- org.jboss.errai:errai-marshalling:jar:2.0.Beta3:compile
[INFO] |  +- com.google.inject:guice:jar:3.0:compile
[INFO] |  |  \- aopalliance:aopalliance:jar:1.0:compile
[INFO] |  +- org.mvel:mvel2:jar:2.1.Beta8:compile
[INFO] |  +- org.slf4j:slf4j-api:jar:1.6.1:compile
[INFO] |  +- org.slf4j:slf4j-log4j12:jar:1.6.1:compile
[INFO] |  |  \- log4j:log4j:jar:1.2.16:compile
[INFO] |  +- org.javassist:javassist:jar:3.15.0-GA:compile
[INFO] |  \- org.jboss.errai.io.netty:netty:jar:4.0.0.Alpha1.errai.r1:compile
[INFO] +- org.jboss.errai:errai-ioc:jar:2.0.Beta3:compile
[INFO] |  \- org.jboss.errai:errai-codegen:jar:2.0.Beta3:compile
[INFO] +- org.jboss.errai:errai-tools:jar:2.0.Beta3:compile
[INFO] |  \- hsqldb:hsqldb:jar:1.8.0.7:compile
[INFO] +- org.jboss.errai:errai-cdi-client:jar:2.0.Beta3:compile
[INFO] +- org.jboss.errai:errai-javax-enterprise:jar:2.0.Beta3:provided
[INFO] +- org.jboss.errai:errai-weld-integration:jar:2.0.Beta3:compile
[INFO] +- com.google.gwt:gwt-user:jar:2.4.0:compile
[INFO] +- com.google.gwt:gwt-dev:jar:2.4.0:provided
[INFO] +- org.jboss.errai:jboss7-support:jar:2.0.Beta3:compile
[INFO] +- org.hibernate:hibernate-jpamodelgen:jar:1.1.1.Final:provided
[INFO] \- junit:junit:jar:4.10:test
[INFO]    \- org.hamcrest:hamcrest-core:jar:1.1:test
[INFO] ------------------------------------------------------------------------
[INFO] BUILD SUCCESS
[INFO] ------------------------------------------------------------------------
[INFO] Total time: 1.939s
[INFO] Finished at: Tue Jun 26 00:55:32 CEST 2012
[INFO] Final Memory: 9M/495M
[INFO] ------------------------------------------------------------------------
