[INFO] Scanning for projects...
[INFO]                                                                         
[INFO] ------------------------------------------------------------------------
[INFO] Building Databases DAO global 1.0
[INFO] ------------------------------------------------------------------------
[INFO] 
[INFO] --- build-helper-maven-plugin:1.8:add-source (add-source) @ global ---
[INFO] Source directory: C:\workspace\users\albandri10\databases\sample\dao\business\global\src\generated\main\java added.
[INFO] Source directory: C:\workspace\users\albandri10\databases\sample\dao\business\global\src\generated\main\resources added.
[INFO] 
[INFO] --- maven-java-formatter-plugin:0.4:format (default) @ global ---
[INFO] Using 'UTF-8' encoding to format source files.
[INFO] Number of files to be formatted: 15
[INFO] Successfully formatted: 0 file(s)
[INFO] Fail to format        : 0 file(s)
[INFO] Skipped               : 15 file(s)
[INFO] Approximate time taken: 0s
[INFO] 
[INFO] --- maven-resources-plugin:2.6:resources (default-resources) @ global ---
[INFO] Using 'UTF-8' encoding to copy filtered resources.
[INFO] Copying 0 resource
[INFO] Copying 10 resources
[INFO] 
[INFO] --- maven-compiler-plugin:3.1:compile (default-compile) @ global ---
[INFO] Nothing to compile - all classes are up to date
[INFO] 
[INFO] --- build-helper-maven-plugin:1.8:add-test-source (add-test-source) @ global ---
[INFO] Test Source directory: C:\workspace\users\albandri10\databases\sample\dao\business\global\src\test\groovy added.
[INFO] 
[INFO] --- maven-resources-plugin:2.6:testResources (default-testResources) @ global ---
[INFO] Using 'UTF-8' encoding to copy filtered resources.
[INFO] Copying 2 resources
[INFO] Copying 5 resources
[INFO] 
[INFO] --- sql-maven-plugin:1.5:execute (test-db-before-test-if-any) @ global ---
[INFO] Executing commands
[INFO] 1 of 1 SQL statements executed successfully
[INFO] 
[INFO] --- sql-maven-plugin:1.5:execute (drop-schema-before-test) @ global ---
[INFO] Executing commands
[ERROR] Failed to execute:  DROP SCHEMA APP RESTRICT

[ERROR] java.sql.SQLException: Schema 'APP' cannot be dropped because it is not empty.
[INFO] 0 of 1 SQL statements executed successfully
[INFO] 
[INFO] --- sql-maven-plugin:1.5:execute (create-schema) @ global ---
[INFO] Executing commands
[ERROR] Failed to execute:  CREATE SCHEMA APP

[ERROR] java.sql.SQLException: Schema 'APP' already exists.
[INFO] 0 of 1 SQL statements executed successfully
[INFO] 
[INFO] --- sql-maven-plugin:1.5:execute (create-tables) @ global ---
[INFO] Executing file: C:\DOCUME~1\ALBAN~1.AND\LOCALS~1\Temp\create-schema.1618701463sql
[INFO] 29 of 29 SQL statements executed successfully
[INFO] 
[INFO] --- sql-maven-plugin:1.5:execute (create-data) @ global ---
[INFO] 0 of 0 SQL statements executed successfully
[INFO] 
[INFO] --- sql-maven-plugin:1.5:execute (drop-schema-after-test) @ global ---
[INFO] Executing commands
[ERROR] Failed to execute:  DROP SCHEMA APP RESTRICT

[ERROR] java.sql.SQLException: Schema 'APP' cannot be dropped because it is not empty.
[INFO] 0 of 1 SQL statements executed successfully
[INFO] 
[INFO] --- maven-compiler-plugin:3.1:testCompile (default-testCompile) @ global ---
[INFO] Changes detected - recompiling the module!
[INFO] Compiling 2 source files to C:\workspace\users\albandri10\databases\sample\dao\business\global\target\test-classes
[INFO] 
[INFO] --- maven-surefire-plugin:2.16:test (default-test) @ global ---
[INFO] Tests are skipped.
[INFO] 
[INFO] --- maven-jar-plugin:2.3.2:jar (default-jar) @ global ---
[INFO] Building jar: C:\workspace\users\albandri10\databases\sample\dao\business\global\target\global-1.0.jar
[INFO] 
[INFO] --- maven-install-plugin:2.4:install (default-install) @ global ---
[INFO] Installing C:\workspace\users\albandri10\databases\sample\dao\business\global\target\global-1.0.jar to C:\repo\com\nabla\project\databases\sample\dao\business\global\global\1.0\global-1.0.jar
[INFO] Installing C:\workspace\users\albandri10\databases\sample\dao\business\global\pom.xml to C:\repo\com\nabla\project\databases\sample\dao\business\global\global\1.0\global-1.0.pom
[INFO] ------------------------------------------------------------------------
[INFO] BUILD SUCCESS
[INFO] ------------------------------------------------------------------------
[INFO] Total time: 4.484s
[INFO] Finished at: Mon Aug 26 06:19:34 CEST 2013
[INFO] Final Memory: 20M/48M
[INFO] ------------------------------------------------------------------------
